-------------------------------------------------------------------------------
Test set: com.cognizant.spring_learn.SpringLearnApplicationTests
-------------------------------------------------------------------------------
Tests run: 1, Failures: 0, Errors: 1, Skipped: 0, Time elapsed: 0.449 s <<< FAILURE! - in com.cognizant.spring_learn.SpringLearnApplicationTests
com.cognizant.spring_learn.SpringLearnApplicationTests  Time elapsed: 0.445 s  <<< ERROR!
java.lang.IllegalStateException: Unable to find a @SpringBootConfiguration, you need to use @ContextConfiguration or @SpringBootTest(classes=...) with your test

